2012-11-26 12:40:50,778 INFO org.apache.hadoop.dfs.NameNode.Secondary: STARTUP_MSG: 
/************************************************************
STARTUP_MSG: Starting SecondaryNameNode
STARTUP_MSG:   host = hadoop-desk/127.0.1.1
STARTUP_MSG:   args = []
STARTUP_MSG:   version = 0.18.0
STARTUP_MSG:   build = http://svn.apache.org/repos/asf/hadoop/core/branches/branch-0.18 -r 686010; compiled by 'hadoopqa' on Thu Aug 14 19:48:33 UTC 2008
************************************************************/
2012-11-26 12:40:50,860 INFO org.apache.hadoop.metrics.jvm.JvmMetrics: Initializing JVM Metrics with processName=SecondaryNameNode, sessionId=null
2012-11-26 12:40:50,974 WARN org.apache.hadoop.dfs.Storage: Checkpoint directory /tmp/hadoop-hadoop-user/dfs/namesecondary is added.
2012-11-26 12:40:51,040 INFO org.mortbay.util.Credential: Checking Resource aliases
2012-11-26 12:40:51,080 INFO org.mortbay.http.HttpServer: Version Jetty/5.1.4
2012-11-26 12:40:51,081 INFO org.mortbay.util.Container: Started HttpContext[/static,/static]
2012-11-26 12:40:51,081 INFO org.mortbay.util.Container: Started HttpContext[/logs,/logs]
2012-11-26 12:40:51,340 INFO org.mortbay.jetty.servlet.XMLConfiguration: No WEB-INF/web.xml in file:/home/hadoop-user/hadoop-0.18.0/webapps/secondary. Serving files and default/dynamic servlets only
2012-11-26 12:40:51,343 INFO org.mortbay.util.Container: Started org.mortbay.jetty.servlet.WebApplicationHandler@16c9867
2012-11-26 12:40:51,374 INFO org.mortbay.util.Container: Started WebApplicationContext[/,/]
2012-11-26 12:40:51,375 INFO org.mortbay.http.SocketListener: Started SocketListener on 0.0.0.0:50090
2012-11-26 12:40:51,375 INFO org.mortbay.util.Container: Started org.mortbay.jetty.Server@92bbba
2012-11-26 12:40:51,375 INFO org.apache.hadoop.dfs.NameNode.Secondary: Secondary Web-server up at: 0.0.0.0:50090
2012-11-26 12:40:51,375 WARN org.apache.hadoop.dfs.NameNode.Secondary: Checkpoint Period   :3600 secs (60 min)
2012-11-26 12:40:51,375 WARN org.apache.hadoop.dfs.NameNode.Secondary: Log Size Trigger    :67108864 bytes (65536 KB)
